[
  [
    1,
    198,
    14,
    277,
    2,
    38,
    557,
    0,
    2,
    559
  ],
  [
    2,
    234,
    8,
    204,
    2,
    35,
    494,
    0,
    0,
    494
  ],
  [
    3,
    269,
    34,
    94,
    2,
    16,
    424,
    0,
    0,
    424
  ],
  [
    "3(A)",
    289,
    22,
    117,
    0,
    7,
    449,
    0,
    2,
    451
  ],
  [
    4,
    204,
    6,
    185,
    2,
    54,
    470,
    0,
    2,
    472
  ],
  [
    5,
    260,
    33,
    264,
    1,
    33,
    608,
    0,
    5,
    613
  ],
  [
    6,
    352,
    19,
    310,
    10,
    77,
    794,
    0,
    4,
    798
  ],
  [
    7,
    239,
    20,
    335,
    6,
    64,
    685,
    0,
    6,
    691
  ],
  [
    8,
    254,
    22,
    196,
    0,
    59,
    548,
    0,
    4,
    552
  ],
  [
    "8(A)",
    240,
    7,
    246,
    1,
    24,
    532,
    0,
    2,
    534
  ],
  [
    9,
    232,
    11,
    175,
    1,
    71,
    499,
    0,
    2,
    501
  ],
  [
    "9(A)",
    238,
    4,
    252,
    1,
    25,
    536,
    0,
    1,
    537
  ],
  [
    10,
    296,
    20,
    395,
    4,
    74,
    813,
    0,
    1,
    814
  ],
  [
    11,
    125,
    6,
    220,
    2,
    39,
    403,
    0,
    4,
    407
  ],
  [
    12,
    381,
    26,
    312,
    1,
    71,
    806,
    0,
    6,
    812
  ],
  [
    13,
    248,
    31,
    449,
    3,
    85,
    851,
    0,
    1,
    852
  ],
  [
    14,
    132,
    6,
    222,
    0,
    27,
    393,
    0,
    1,
    394
  ],
  [
    15,
    277,
    13,
    158,
    0,
    25,
    477,
    0,
    0,
    477
  ],
  [
    "15(A)",
    234,
    10,
    206,
    1,
    14,
    481,
    0,
    0,
    481
  ],
  [
    16,
    481,
    21,
    125,
    2,
    64,
    709,
    0,
    1,
    710
  ],
  [
    17,
    241,
    11,
    146,
    3,
    52,
    466,
    0,
    2,
    468
  ],
  [
    18,
    233,
    29,
    246,
    2,
    55,
    587,
    0,
    6,
    593
  ],
  [
    19,
    370,
    24,
    416,
    3,
    68,
    889,
    0,
    5,
    894
  ],
  [
    20,
    202,
    13,
    473,
    4,
    54,
    763,
    0,
    3,
    766
  ],
  [
    21,
    160,
    34,
    174,
    0,
    49,
    421,
    0,
    3,
    424
  ],
  [
    "21(A)",
    147,
    11,
    228,
    3,
    22,
    436,
    0,
    0,
    436
  ],
  [
    22,
    334,
    31,
    239,
    4,
    96,
    728,
    0,
    2,
    730
  ],
  [
    23,
    167,
    24,
    206,
    2,
    77,
    484,
    0,
    3,
    487
  ],
  [
    "23(A)",
    165,
    10,
    250,
    3,
    46,
    503,
    0,
    0,
    503
  ],
  [
    24,
    324,
    13,
    310,
    5,
    72,
    737,
    0,
    1,
    738
  ],
  [
    25,
    258,
    22,
    307,
    0,
    64,
    681,
    0,
    1,
    682
  ],
  [
    26,
    210,
    23,
    230,
    2,
    51,
    535,
    0,
    2,
    537
  ],
  [
    27,
    207,
    27,
    245,
    4,
    67,
    562,
    0,
    2,
    564
  ],
  [
    28,
    342,
    27,
    133,
    0,
    111,
    625,
    0,
    3,
    628
  ],
  [
    29,
    397,
    19,
    194,
    3,
    104,
    729,
    0,
    3,
    732
  ],
  [
    30,
    224,
    24,
    224,
    3,
    49,
    540,
    0,
    7,
    547
  ],
  [
    31,
    193,
    24,
    347,
    6,
    67,
    653,
    0,
    5,
    658
  ],
  [
    32,
    125,
    6,
    242,
    0,
    36,
    434,
    0,
    1,
    435
  ],
  [
    33,
    225,
    16,
    190,
    1,
    40,
    489,
    0,
    2,
    491
  ],
  [
    34,
    191,
    22,
    231,
    3,
    55,
    522,
    0,
    1,
    523
  ],
  [
    35,
    251,
    7,
    206,
    3,
    61,
    530,
    0,
    0,
    530
  ],
  [
    36,
    487,
    17,
    140,
    3,
    119,
    799,
    0,
    3,
    802
  ],
  [
    37,
    306,
    13,
    353,
    9,
    100,
    804,
    0,
    3,
    807
  ],
  [
    38,
    230,
    14,
    218,
    2,
    36,
    512,
    0,
    5,
    517
  ],
  [
    39,
    232,
    12,
    164,
    2,
    67,
    485,
    0,
    3,
    488
  ],
  [
    "39(A)",
    258,
    6,
    209,
    1,
    35,
    517,
    0,
    4,
    521
  ],
  [
    40,
    276,
    16,
    211,
    2,
    68,
    612,
    0,
    1,
    613
  ],
  [
    41,
    139,
    14,
    182,
    3,
    41,
    386,
    0,
    1,
    387
  ],
  [
    42,
    327,
    6,
    208,
    3,
    99,
    666,
    0,
    4,
    670
  ],
  [
    43,
    219,
    9,
    103,
    4,
    61,
    398,
    0,
    1,
    399
  ],
  [
    "43(A)",
    209,
    4,
    146,
    3,
    16,
    398,
    0,
    3,
    401
  ],
  [
    44,
    233,
    13,
    103,
    0,
    120,
    485,
    0,
    0,
    485
  ],
  [
    "44(A)",
    229,
    8,
    118,
    3,
    78,
    455,
    0,
    0,
    455
  ],
  [
    45,
    260,
    19,
    174,
    4,
    71,
    558,
    0,
    4,
    562
  ],
  [
    46,
    186,
    36,
    154,
    0,
    62,
    441,
    0,
    1,
    442
  ],
  [
    "46(A)",
    225,
    17,
    152,
    1,
    19,
    428,
    0,
    2,
    430
  ],
  [
    47,
    391,
    13,
    227,
    5,
    181,
    834,
    0,
    4,
    838
  ],
  [
    48,
    365,
    17,
    176,
    2,
    157,
    738,
    0,
    4,
    742
  ],
  [
    49,
    191,
    21,
    180,
    2,
    81,
    477,
    0,
    1,
    478
  ],
  [
    "49(A)",
    214,
    8,
    237,
    2,
    50,
    521,
    0,
    1,
    522
  ],
  [
    50,
    314,
    23,
    210,
    1,
    68,
    629,
    0,
    4,
    633
  ],
  [
    51,
    178,
    60,
    200,
    2,
    62,
    517,
    0,
    5,
    522
  ],
  [
    52,
    204,
    11,
    129,
    0,
    62,
    407,
    0,
    1,
    408
  ],
  [
    "52(A)",
    187,
    4,
    176,
    3,
    33,
    412,
    0,
    1,
    413
  ],
  [
    53,
    198,
    6,
    103,
    1,
    75,
    389,
    0,
    0,
    389
  ],
  [
    54,
    275,
    5,
    167,
    0,
    45,
    501,
    0,
    2,
    503
  ],
  [
    55,
    244,
    8,
    90,
    0,
    54,
    398,
    0,
    1,
    399
  ],
  [
    "55(A)",
    273,
    3,
    95,
    1,
    41,
    425,
    0,
    2,
    427
  ],
  [
    56,
    223,
    14,
    92,
    2,
    59,
    395,
    0,
    3,
    398
  ],
  [
    "56(A)",
    254,
    12,
    123,
    1,
    49,
    457,
    0,
    2,
    459
  ],
  [
    57,
    290,
    45,
    269,
    6,
    42,
    657,
    0,
    5,
    662
  ],
  [
    58,
    331,
    42,
    194,
    1,
    59,
    634,
    0,
    6,
    640
  ],
  [
    59,
    300,
    27,
    183,
    1,
    44,
    561,
    0,
    2,
    563
  ],
  [
    60,
    252,
    25,
    226,
    4,
    54,
    567,
    0,
    3,
    570
  ],
  [
    61,
    0,
    0,
    0,
    0,
    0,
    0,
    0,
    0,
    0
  ],
  [
    "61(A)",
    213,
    15,
    199,
    2,
    14,
    451,
    0,
    0,
    451
  ],
  [
    62,
    205,
    21,
    215,
    3,
    83,
    536,
    0,
    0,
    536
  ],
  [
    63,
    221,
    39,
    195,
    2,
    56,
    527,
    0,
    2,
    529
  ],
  [
    64,
    204,
    16,
    141,
    1,
    49,
    419,
    0,
    4,
    423
  ],
  [
    "64(A)",
    210,
    5,
    197,
    5,
    22,
    460,
    0,
    2,
    462
  ],
  [
    65,
    351,
    10,
    26,
    0,
    12,
    401,
    0,
    0,
    401
  ],
  [
    66,
    383,
    2,
    28,
    0,
    3,
    422,
    0,
    0,
    422
  ],
  [
    67,
    230,
    13,
    85,
    2,
    20,
    395,
    0,
    1,
    396
  ],
  [
    "67(A)",
    269,
    2,
    74,
    3,
    10,
    413,
    0,
    0,
    413
  ],
  [
    68,
    439,
    4,
    36,
    0,
    21,
    507,
    0,
    0,
    507
  ],
  [
    69,
    189,
    36,
    151,
    1,
    58,
    444,
    0,
    2,
    446
  ],
  [
    "69(A)",
    211,
    14,
    179,
    2,
    22,
    446,
    0,
    3,
    449
  ],
  [
    70,
    286,
    16,
    228,
    2,
    74,
    613,
    0,
    5,
    618
  ],
  [
    71,
    225,
    30,
    122,
    0,
    71,
    457,
    0,
    2,
    459
  ],
  [
    "71(A)",
    213,
    9,
    197,
    2,
    24,
    453,
    0,
    2,
    455
  ],
  [
    72,
    284,
    36,
    396,
    4,
    66,
    802,
    0,
    1,
    803
  ],
  [
    73,
    127,
    60,
    134,
    1,
    65,
    393,
    0,
    0,
    393
  ],
  [
    "73(A)",
    158,
    38,
    142,
    1,
    38,
    391,
    0,
    0,
    391
  ],
  [
    74,
    199,
    27,
    179,
    1,
    47,
    454,
    0,
    1,
    455
  ],
  [
    "74(A)",
    180,
    16,
    207,
    3,
    22,
    436,
    0,
    1,
    437
  ],
  [
    75,
    183,
    17,
    223,
    3,
    48,
    485,
    0,
    2,
    487
  ],
  [
    76,
    238,
    25,
    146,
    5,
    22,
    445,
    0,
    2,
    447
  ],
  [
    77,
    324,
    16,
    189,
    5,
    52,
    590,
    0,
    3,
    593
  ],
  [
    78,
    185,
    35,
    184,
    2,
    50,
    464,
    0,
    1,
    465
  ],
  [
    "78(A)",
    154,
    21,
    240,
    6,
    14,
    445,
    0,
    2,
    447
  ],
  [
    79,
    342,
    26,
    236,
    5,
    51,
    675,
    0,
    0,
    675
  ],
  [
    80,
    231,
    15,
    266,
    3,
    35,
    565,
    0,
    1,
    566
  ],
  [
    81,
    265,
    29,
    284,
    3,
    50,
    665,
    0,
    5,
    670
  ],
  [
    82,
    210,
    10,
    200,
    1,
    38,
    475,
    0,
    1,
    476
  ],
  [
    83,
    278,
    23,
    286,
    5,
    66,
    676,
    0,
    3,
    679
  ],
  [
    84,
    152,
    23,
    157,
    2,
    59,
    397,
    0,
    4,
    401
  ],
  [
    "84(A)",
    199,
    15,
    200,
    5,
    21,
    459,
    0,
    0,
    459
  ],
  [
    85,
    271,
    39,
    297,
    4,
    75,
    703,
    0,
    2,
    705
  ],
  [
    86,
    178,
    49,
    298,
    2,
    51,
    603,
    0,
    2,
    605
  ],
  [
    87,
    159,
    34,
    246,
    1,
    38,
    491,
    0,
    2,
    493
  ],
  [
    "87(A)",
    158,
    15,
    262,
    6,
    13,
    482,
    0,
    3,
    485
  ],
  [
    88,
    157,
    44,
    206,
    3,
    41,
    467,
    0,
    4,
    471
  ],
  [
    89,
    330,
    74,
    365,
    3,
    59,
    860,
    0,
    9,
    869
  ],
  [
    90,
    164,
    66,
    179,
    3,
    32,
    467,
    0,
    1,
    468
  ],
  [
    91,
    280,
    20,
    260,
    1,
    61,
    640,
    0,
    2,
    642
  ],
  [
    92,
    222,
    34,
    221,
    3,
    23,
    516,
    0,
    3,
    519
  ],
  [
    93,
    274,
    26,
    162,
    2,
    66,
    536,
    0,
    4,
    540
  ],
  [
    "93(A)",
    258,
    10,
    226,
    3,
    18,
    523,
    0,
    2,
    525
  ],
  [
    94,
    276,
    21,
    225,
    2,
    59,
    594,
    0,
    6,
    600
  ],
  [
    95,
    174,
    24,
    137,
    1,
    96,
    445,
    0,
    1,
    446
  ],
  [
    "95(A)",
    165,
    17,
    200,
    0,
    40,
    439,
    0,
    3,
    442
  ],
  [
    96,
    138,
    53,
    181,
    4,
    55,
    439,
    0,
    5,
    444
  ],
  [
    "96(A)",
    140,
    29,
    294,
    2,
    15,
    491,
    0,
    3,
    494
  ],
  [
    97,
    193,
    39,
    168,
    1,
    61,
    467,
    0,
    7,
    474
  ],
  [
    "97(A)",
    177,
    23,
    234,
    1,
    34,
    482,
    0,
    2,
    484
  ],
  [
    98,
    206,
    18,
    147,
    2,
    60,
    476,
    0,
    1,
    477
  ],
  [
    "98(A)",
    221,
    22,
    196,
    8,
    40,
    529,
    0,
    0,
    529
  ],
  [
    99,
    202,
    13,
    114,
    1,
    48,
    382,
    0,
    5,
    387
  ],
  [
    "99(A)",
    218,
    8,
    161,
    5,
    25,
    435,
    0,
    2,
    437
  ],
  [
    100,
    142,
    28,
    212,
    1,
    37,
    425,
    0,
    4,
    429
  ],
  [
    "100(A)",
    111,
    16,
    251,
    5,
    14,
    415,
    0,
    2,
    417
  ],
  [
    101,
    252,
    23,
    117,
    3,
    34,
    438,
    0,
    1,
    439
  ],
  [
    "101(A)",
    227,
    12,
    178,
    1,
    10,
    449,
    0,
    1,
    450
  ],
  [
    102,
    148,
    33,
    115,
    2,
    50,
    354,
    0,
    4,
    358
  ],
  [
    "102(A)",
    187,
    13,
    126,
    4,
    29,
    370,
    0,
    7,
    377
  ],
  [
    103,
    305,
    25,
    240,
    11,
    75,
    677,
    0,
    5,
    682
  ],
  [
    104,
    371,
    28,
    267,
    1,
    72,
    752,
    0,
    5,
    757
  ],
  [
    105,
    208,
    9,
    151,
    0,
    48,
    423,
    0,
    3,
    426
  ],
  [
    106,
    197,
    31,
    152,
    0,
    45,
    432,
    0,
    8,
    440
  ],
  [
    107,
    308,
    17,
    222,
    0,
    45,
    601,
    0,
    2,
    603
  ],
  [
    108,
    201,
    18,
    108,
    3,
    36,
    371,
    0,
    3,
    374
  ],
  [
    "108(A)",
    241,
    10,
    140,
    6,
    27,
    430,
    0,
    3,
    433
  ],
  [
    109,
    213,
    54,
    115,
    1,
    29,
    415,
    0,
    6,
    421
  ],
  [
    "109(A)",
    205,
    39,
    147,
    3,
    24,
    426,
    0,
    5,
    431
  ],
  [
    110,
    287,
    44,
    139,
    6,
    28,
    514,
    0,
    6,
    520
  ],
  [
    111,
    235,
    27,
    133,
    2,
    48,
    452,
    0,
    6,
    458
  ],
  [
    112,
    376,
    17,
    92,
    5,
    32,
    527,
    0,
    3,
    530
  ],
  [
    113,
    240,
    23,
    69,
    1,
    34,
    369,
    0,
    2,
    371
  ],
  [
    "113(A)",
    228,
    14,
    74,
    2,
    21,
    349,
    0,
    5,
    354
  ],
  [
    114,
    181,
    13,
    96,
    2,
    19,
    316,
    0,
    5,
    321
  ],
  [
    115,
    181,
    21,
    127,
    1,
    54,
    400,
    0,
    3,
    403
  ],
  [
    "115(A)",
    155,
    21,
    145,
    1,
    37,
    378,
    0,
    7,
    385
  ],
  [
    116,
    278,
    30,
    105,
    0,
    38,
    456,
    0,
    0,
    456
  ],
  [
    "116(A)",
    229,
    19,
    177,
    3,
    13,
    454,
    0,
    3,
    457
  ],
  [
    117,
    179,
    24,
    182,
    2,
    40,
    428,
    0,
    4,
    432
  ],
  [
    "117(A)",
    192,
    13,
    202,
    1,
    27,
    441,
    0,
    1,
    442
  ],
  [
    118,
    315,
    41,
    232,
    3,
    56,
    653,
    0,
    4,
    657
  ],
  [
    119,
    302,
    39,
    142,
    6,
    59,
    552,
    0,
    6,
    558
  ],
  [
    120,
    210,
    11,
    147,
    2,
    86,
    459,
    0,
    4,
    463
  ],
  [
    "120(A)",
    220,
    4,
    183,
    1,
    32,
    457,
    0,
    3,
    460
  ],
  [
    121,
    217,
    26,
    82,
    1,
    31,
    358,
    0,
    3,
    361
  ],
  [
    "121(A)",
    248,
    16,
    102,
    1,
    12,
    384,
    0,
    1,
    385
  ],
  [
    122,
    323,
    33,
    126,
    5,
    45,
    545,
    0,
    4,
    549
  ],
  [
    123,
    303,
    29,
    113,
    0,
    30,
    485,
    0,
    4,
    489
  ],
  [
    124,
    279,
    20,
    121,
    3,
    101,
    532,
    0,
    1,
    533
  ],
  [
    "124(A)",
    321,
    12,
    165,
    1,
    65,
    580,
    0,
    1,
    581
  ],
  [
    125,
    168,
    19,
    123,
    0,
    68,
    386,
    0,
    4,
    390
  ],
  [
    "125(A)",
    188,
    8,
    193,
    2,
    49,
    451,
    0,
    3,
    454
  ],
  [
    126,
    358,
    29,
    245,
    2,
    90,
    735,
    0,
    5,
    740
  ],
  [
    127,
    230,
    20,
    117,
    2,
    58,
    432,
    0,
    3,
    435
  ],
  [
    "127(A)",
    251,
    14,
    139,
    1,
    35,
    449,
    0,
    3,
    452
  ],
  [
    128,
    216,
    25,
    95,
    1,
    52,
    395,
    0,
    5,
    400
  ],
  [
    "128(A)",
    241,
    14,
    99,
    6,
    21,
    386,
    0,
    2,
    388
  ],
  [
    129,
    208,
    20,
    109,
    4,
    52,
    395,
    0,
    9,
    404
  ],
  [
    "129(A)",
    186,
    13,
    119,
    6,
    20,
    353,
    0,
    2,
    355
  ],
  [
    130,
    243,
    30,
    104,
    2,
    104,
    484,
    0,
    5,
    489
  ],
  [
    "130(A)",
    267,
    15,
    140,
    1,
    60,
    494,
    0,
    4,
    498
  ],
  [
    131,
    190,
    24,
    318,
    4,
    102,
    652,
    0,
    2,
    654
  ],
  [
    132,
    257,
    28,
    220,
    0,
    85,
    599,
    0,
    1,
    600
  ],
  [
    133,
    189,
    14,
    100,
    3,
    31,
    344,
    0,
    2,
    346
  ],
  [
    "133(A)",
    213,
    14,
    133,
    3,
    25,
    397,
    0,
    1,
    398
  ],
  [
    134,
    370,
    29,
    228,
    6,
    71,
    722,
    0,
    5,
    727
  ],
  [
    135,
    251,
    22,
    220,
    4,
    55,
    565,
    0,
    8,
    573
  ],
  [
    136,
    177,
    53,
    197,
    0,
    67,
    504,
    0,
    2,
    506
  ],
  [
    "136(A)",
    160,
    27,
    271,
    2,
    30,
    518,
    0,
    1,
    519
  ],
  [
    137,
    412,
    63,
    256,
    4,
    54,
    806,
    0,
    4,
    810
  ],
  [
    138,
    296,
    29,
    251,
    2,
    110,
    711,
    0,
    3,
    714
  ],
  [
    139,
    195,
    31,
    180,
    1,
    79,
    492,
    0,
    4,
    496
  ],
  [
    140,
    279,
    42,
    294,
    4,
    115,
    752,
    0,
    2,
    754
  ],
  [
    141,
    346,
    29,
    273,
    4,
    94,
    799,
    0,
    7,
    806
  ],
  [
    142,
    0,
    0,
    0,
    0,
    0,
    0,
    0,
    0,
    0
  ],
  [
    "142(A)",
    317,
    12,
    144,
    1,
    79,
    566,
    0,
    1,
    567
  ],
  [
    143,
    205,
    48,
    176,
    2,
    43,
    491,
    0,
    2,
    493
  ],
  [
    144,
    262,
    30,
    138,
    1,
    76,
    514,
    0,
    2,
    516
  ],
  [
    "144(A)",
    255,
    14,
    196,
    2,
    33,
    513,
    0,
    3,
    516
  ],
  [
    145,
    243,
    43,
    348,
    3,
    56,
    711,
    0,
    7,
    718
  ],
  [
    146,
    225,
    28,
    233,
    5,
    53,
    556,
    0,
    1,
    557
  ],
  [
    147,
    221,
    20,
    102,
    2,
    68,
    426,
    0,
    3,
    429
  ],
  [
    148,
    212,
    48,
    149,
    1,
    54,
    471,
    0,
    5,
    476
  ],
  [
    "148(A)",
    237,
    26,
    177,
    1,
    36,
    488,
    0,
    3,
    491
  ],
  [
    149,
    189,
    15,
    203,
    0,
    51,
    470,
    0,
    1,
    471
  ],
  [
    "149(A)",
    169,
    27,
    229,
    3,
    53,
    498,
    0,
    1,
    499
  ],
  [
    150,
    245,
    28,
    287,
    1,
    122,
    696,
    0,
    0,
    696
  ],
  [
    151,
    325,
    50,
    258,
    6,
    72,
    731,
    0,
    3,
    734
  ],
  [
    152,
    220,
    77,
    375,
    2,
    66,
    758,
    0,
    3,
    761
  ],
  [
    153,
    228,
    53,
    235,
    9,
    69,
    598,
    0,
    2,
    600
  ],
  [
    154,
    359,
    80,
    326,
    5,
    81,
    891,
    0,
    3,
    894
  ],
  [
    155,
    225,
    67,
    244,
    2,
    52,
    600,
    0,
    5,
    605
  ],
  [
    156,
    192,
    58,
    317,
    3,
    74,
    658,
    0,
    2,
    660
  ],
  [
    157,
    177,
    23,
    240,
    1,
    66,
    517,
    0,
    2,
    519
  ],
  [
    158,
    187,
    17,
    262,
    3,
    65,
    540,
    0,
    1,
    541
  ],
  [
    159,
    198,
    43,
    184,
    1,
    81,
    510,
    0,
    2,
    512
  ],
  [
    160,
    166,
    24,
    205,
    2,
    38,
    443,
    0,
    1,
    444
  ],
  [
    "160(A)",
    132,
    13,
    239,
    2,
    24,
    425,
    0,
    5,
    430
  ],
  [
    161,
    190,
    17,
    170,
    0,
    56,
    435,
    0,
    0,
    435
  ],
  [
    "161(A)",
    154,
    12,
    236,
    2,
    33,
    450,
    0,
    1,
    451
  ],
  [
    162,
    316,
    45,
    276,
    2,
    48,
    692,
    0,
    1,
    693
  ],
  [
    163,
    241,
    36,
    353,
    3,
    52,
    699,
    0,
    5,
    704
  ],
  [
    164,
    190,
    36,
    223,
    0,
    63,
    526,
    0,
    0,
    526
  ],
  [
    165,
    165,
    15,
    211,
    1,
    48,
    458,
    0,
    2,
    460
  ],
  [
    166,
    305,
    56,
    340,
    2,
    70,
    800,
    0,
    5,
    805
  ],
  [
    167,
    207,
    33,
    300,
    3,
    42,
    600,
    0,
    4,
    604
  ],
  [
    168,
    142,
    69,
    224,
    0,
    25,
    469,
    0,
    1,
    470
  ],
  [
    169,
    221,
    95,
    361,
    1,
    141,
    844,
    0,
    6,
    850
  ],
  [
    170,
    298,
    51,
    388,
    5,
    70,
    842,
    0,
    3,
    845
  ],
  [
    171,
    328,
    86,
    294,
    2,
    49,
    770,
    0,
    1,
    771
  ],
  [
    172,
    114,
    56,
    278,
    1,
    46,
    501,
    0,
    5,
    506
  ],
  [
    173,
    98,
    181,
    273,
    2,
    41,
    607,
    0,
    2,
    609
  ],
  [
    174,
    113,
    39,
    242,
    2,
    68,
    485,
    0,
    2,
    487
  ],
  [
    175,
    197,
    21,
    221,
    2,
    16,
    465,
    0,
    0,
    465
  ],
  [
    176,
    173,
    41,
    287,
    1,
    55,
    574,
    0,
    2,
    576
  ],
  [
    177,
    280,
    33,
    302,
    3,
    50,
    676,
    0,
    3,
    679
  ],
  [
    178,
    254,
    35,
    230,
    2,
    27,
    565,
    0,
    4,
    569
  ],
  [
    179,
    210,
    57,
    352,
    1,
    19,
    647,
    0,
    1,
    648
  ],
  [
    180,
    189,
    91,
    416,
    4,
    79,
    796,
    0,
    1,
    797
  ],
  [
    181,
    154,
    74,
    374,
    0,
    43,
    683,
    0,
    2,
    685
  ],
  [
    182,
    74,
    49,
    209,
    2,
    43,
    384,
    0,
    4,
    388
  ],
  [
    183,
    195,
    57,
    483,
    1,
    35,
    792,
    0,
    7,
    799
  ],
  [
    184,
    119,
    76,
    225,
    2,
    10,
    440,
    0,
    0,
    440
  ],
  [
    185,
    184,
    125,
    474,
    5,
    16,
    816,
    0,
    0,
    816
  ],
  [
    186,
    228,
    111,
    302,
    3,
    26,
    685,
    0,
    0,
    685
  ],
  [
    187,
    329,
    8,
    11,
    0,
    6,
    355,
    0,
    1,
    356
  ],
  [
    "187(A)",
    307,
    5,
    12,
    0,
    6,
    334,
    0,
    1,
    335
  ],
  [
    188,
    59,
    41,
    164,
    2,
    39,
    311,
    0,
    1,
    312
  ],
  [
    189,
    255,
    8,
    9,
    0,
    9,
    282,
    0,
    0,
    282
  ],
  [
    190,
    61,
    33,
    179,
    2,
    18,
    299,
    0,
    3,
    302
  ],
  [
    191,
    364,
    12,
    12,
    0,
    9,
    398,
    0,
    2,
    400
  ],
  [
    "191(A)",
    336,
    6,
    9,
    0,
    5,
    357,
    0,
    0,
    357
  ],
  [
    192,
    189,
    32,
    299,
    3,
    29,
    573,
    0,
    4,
    577
  ],
  [
    193,
    209,
    39,
    351,
    1,
    38,
    654,
    0,
    8,
    662
  ],
  [
    194,
    144,
    37,
    455,
    5,
    35,
    709,
    0,
    1,
    710
  ],
  [
    195,
    137,
    25,
    370,
    1,
    27,
    582,
    0,
    4,
    586
  ],
  [
    196,
    323,
    17,
    59,
    0,
    19,
    430,
    0,
    1,
    431
  ],
  [
    "196(A)",
    326,
    5,
    65,
    3,
    7,
    414,
    0,
    0,
    414
  ],
  [
    197,
    592,
    24,
    26,
    1,
    5,
    655,
    0,
    2,
    657
  ],
  [
    198,
    183,
    41,
    580,
    1,
    36,
    860,
    0,
    1,
    861
  ],
  [
    199,
    230,
    60,
    369,
    2,
    37,
    715,
    0,
    3,
    718
  ],
  [
    200,
    191,
    19,
    161,
    1,
    47,
    432,
    0,
    0,
    432
  ],
  [
    "200(A)",
    205,
    9,
    184,
    2,
    16,
    433,
    0,
    4,
    437
  ],
  [
    201,
    117,
    23,
    130,
    0,
    28,
    303,
    0,
    2,
    305
  ],
  [
    202,
    188,
    21,
    147,
    0,
    53,
    413,
    0,
    2,
    415
  ],
  [
    "202(A)",
    174,
    14,
    206,
    1,
    37,
    457,
    0,
    0,
    457
  ],
  [
    203,
    213,
    43,
    171,
    2,
    60,
    511,
    0,
    1,
    512
  ],
  [
    204,
    324,
    34,
    305,
    4,
    69,
    739,
    0,
    7,
    746
  ],
  [
    205,
    327,
    37,
    263,
    0,
    39,
    677,
    0,
    2,
    679
  ],
  [
    206,
    229,
    14,
    166,
    1,
    58,
    484,
    0,
    7,
    491
  ],
  [
    207,
    354,
    22,
    189,
    1,
    44,
    622,
    0,
    5,
    627
  ],
  [
    208,
    300,
    24,
    184,
    3,
    42,
    557,
    0,
    1,
    558
  ],
  [
    209,
    314,
    27,
    183,
    1,
    67,
    599,
    0,
    8,
    607
  ],
  [
    210,
    185,
    18,
    155,
    0,
    46,
    412,
    0,
    3,
    415
  ],
  [
    "210(A)",
    202,
    10,
    200,
    1,
    19,
    441,
    0,
    1,
    442
  ],
  [
    211,
    424,
    41,
    207,
    1,
    79,
    777,
    0,
    4,
    781
  ],
  [
    212,
    157,
    34,
    184,
    3,
    31,
    431,
    0,
    1,
    432
  ],
  [
    213,
    176,
    38,
    186,
    2,
    59,
    470,
    0,
    2,
    472
  ],
  [
    214,
    184,
    39,
    122,
    2,
    75,
    435,
    0,
    0,
    435
  ],
  [
    "214(A)",
    188,
    22,
    190,
    1,
    32,
    446,
    0,
    0,
    446
  ],
  [
    215,
    298,
    14,
    201,
    2,
    41,
    571,
    0,
    2,
    573
  ],
  [
    216,
    291,
    41,
    275,
    2,
    78,
    700,
    0,
    2,
    702
  ],
  [
    217,
    251,
    35,
    351,
    3,
    72,
    740,
    0,
    1,
    741
  ],
  [
    218,
    180,
    6,
    175,
    3,
    37,
    409,
    0,
    0,
    409
  ],
  [
    219,
    162,
    37,
    160,
    1,
    49,
    419,
    0,
    0,
    419
  ],
  [
    "219(A)",
    178,
    17,
    214,
    3,
    23,
    447,
    0,
    1,
    448
  ],
  [
    220,
    342,
    14,
    355,
    0,
    55,
    775,
    0,
    1,
    776
  ],
  [
    221,
    84,
    7,
    156,
    0,
    26,
    281,
    0,
    1,
    282
  ],
  [
    222,
    141,
    13,
    232,
    1,
    39,
    442,
    0,
    1,
    443
  ],
  [
    223,
    307,
    14,
    365,
    4,
    68,
    770,
    0,
    2,
    772
  ],
  [
    224,
    288,
    19,
    263,
    2,
    60,
    649,
    0,
    1,
    650
  ],
  [
    225,
    200,
    15,
    253,
    1,
    45,
    527,
    0,
    3,
    530
  ],
  [
    226,
    163,
    22,
    141,
    0,
    66,
    400,
    0,
    5,
    405
  ],
  [
    "226(A)",
    149,
    8,
    183,
    2,
    35,
    383,
    0,
    1,
    384
  ],
  [
    227,
    338,
    11,
    239,
    3,
    36,
    644,
    0,
    2,
    646
  ],
  [
    228,
    303,
    18,
    199,
    1,
    51,
    590,
    0,
    2,
    592
  ],
  [
    229,
    196,
    15,
    169,
    0,
    24,
    414,
    0,
    1,
    415
  ],
  [
    230,
    256,
    21,
    150,
    1,
    33,
    474,
    0,
    1,
    475
  ],
  [
    "230(A)",
    211,
    8,
    180,
    4,
    17,
    455,
    0,
    2,
    457
  ],
  [
    231,
    352,
    22,
    251,
    0,
    99,
    734,
    0,
    4,
    738
  ],
  [
    232,
    262,
    28,
    213,
    1,
    26,
    545,
    0,
    1,
    546
  ],
  [
    233,
    251,
    10,
    254,
    0,
    38,
    567,
    0,
    2,
    569
  ],
  [
    234,
    386,
    11,
    366,
    1,
    56,
    837,
    0,
    1,
    838
  ],
  [
    235,
    226,
    22,
    292,
    5,
    41,
    593,
    0,
    3,
    596
  ],
  [
    236,
    172,
    38,
    201,
    1,
    29,
    469,
    0,
    2,
    471
  ],
  [
    "236(A)",
    147,
    28,
    246,
    5,
    9,
    477,
    0,
    1,
    478
  ],
  [
    237,
    177,
    30,
    189,
    2,
    42,
    456,
    0,
    0,
    456
  ],
  [
    "237(A)",
    169,
    20,
    212,
    0,
    23,
    434,
    0,
    1,
    435
  ],
  [
    238,
    249,
    19,
    238,
    2,
    40,
    559,
    0,
    3,
    562
  ],
  [
    239,
    238,
    27,
    112,
    0,
    55,
    446,
    0,
    2,
    448
  ],
  [
    "239(A)",
    264,
    15,
    111,
    1,
    27,
    436,
    0,
    0,
    436
  ],
  [
    240,
    218,
    19,
    81,
    1,
    47,
    373,
    0,
    0,
    373
  ],
  [
    241,
    292,
    32,
    285,
    2,
    44,
    680,
    0,
    4,
    684
  ],
  [
    242,
    346,
    28,
    183,
    8,
    68,
    656,
    0,
    3,
    659
  ],
  [
    243,
    162,
    28,
    196,
    3,
    58,
    468,
    0,
    1,
    469
  ],
  [
    244,
    229,
    12,
    192,
    3,
    65,
    527,
    0,
    1,
    528
  ],
  [
    245,
    264,
    16,
    287,
    2,
    65,
    648,
    0,
    1,
    649
  ],
  [
    246,
    346,
    14,
    222,
    2,
    28,
    623,
    0,
    0,
    623
  ],
  [
    247,
    284,
    7,
    129,
    3,
    15,
    446,
    0,
    2,
    448
  ],
  [
    248,
    261,
    16,
    385,
    6,
    62,
    749,
    0,
    2,
    751
  ],
  [
    249,
    265,
    8,
    208,
    3,
    22,
    510,
    0,
    1,
    511
  ],
  [
    250,
    296,
    47,
    285,
    1,
    63,
    711,
    0,
    6,
    717
  ],
  [
    251,
    226,
    19,
    213,
    0,
    50,
    519,
    0,
    1,
    520
  ],
  [
    252,
    265,
    11,
    175,
    1,
    62,
    523,
    0,
    1,
    524
  ],
  [
    253,
    126,
    44,
    235,
    2,
    61,
    471,
    0,
    3,
    474
  ],
  [
    "253(A)",
    102,
    11,
    309,
    3,
    20,
    455,
    0,
    1,
    456
  ],
  [
    254,
    221,
    34,
    268,
    7,
    70,
    644,
    0,
    5,
    649
  ],
  [
    255,
    250,
    23,
    198,
    2,
    31,
    520,
    0,
    3,
    523
  ],
  [
    256,
    91,
    17,
    270,
    0,
    35,
    435,
    0,
    0,
    435
  ],
  [
    257,
    123,
    36,
    186,
    1,
    53,
    403,
    0,
    2,
    405
  ],
  [
    "257(A)",
    118,
    18,
    253,
    2,
    14,
    423,
    0,
    1,
    424
  ],
  [
    258,
    259,
    39,
    257,
    3,
    47,
    625,
    0,
    0,
    625
  ],
  [
    259,
    188,
    142,
    382,
    7,
    49,
    794,
    0,
    1,
    795
  ],
  [
    260,
    233,
    69,
    310,
    4,
    99,
    736,
    0,
    5,
    741
  ],
  [
    261,
    321,
    33,
    347,
    1,
    30,
    749,
    0,
    4,
    753
  ],
  [
    262,
    247,
    87,
    321,
    2,
    15,
    706,
    0,
    2,
    708
  ],
  [
    263,
    257,
    96,
    194,
    0,
    20,
    573,
    0,
    0,
    573
  ],
  [
    264,
    208,
    46,
    227,
    3,
    51,
    547,
    0,
    4,
    551
  ],
  [
    265,
    175,
    36,
    168,
    1,
    50,
    433,
    0,
    2,
    435
  ],
  [
    "265(A)",
    152,
    18,
    207,
    4,
    19,
    416,
    0,
    3,
    419
  ],
  [
    266,
    299,
    13,
    213,
    6,
    47,
    589,
    0,
    2,
    591
  ],
  [
    267,
    340,
    31,
    266,
    6,
    40,
    710,
    0,
    5,
    715
  ],
  [
    268,
    171,
    36,
    212,
    0,
    29,
    469,
    0,
    2,
    471
  ],
  [
    "268(A)",
    146,
    13,
    249,
    4,
    9,
    443,
    0,
    1,
    444
  ],
  [
    269,
    324,
    14,
    173,
    3,
    56,
    591,
    0,
    1,
    592
  ],
  [
    270,
    295,
    37,
    384,
    2,
    59,
    808,
    0,
    7,
    815
  ],
  [
    271,
    166,
    9,
    255,
    0,
    31,
    485,
    0,
    0,
    485
  ],
  [
    272,
    282,
    12,
    285,
    4,
    69,
    678,
    0,
    1,
    679
  ],
  [
    273,
    237,
    24,
    203,
    1,
    76,
    549,
    0,
    1,
    550
  ],
  [
    "273(A)",
    253,
    12,
    233,
    5,
    35,
    560,
    0,
    0,
    560
  ],
  [
    274,
    375,
    18,
    266,
    4,
    35,
    711,
    0,
    7,
    718
  ],
  [
    275,
    216,
    22,
    82,
    2,
    30,
    365,
    0,
    1,
    366
  ],
  [
    276,
    440,
    16,
    175,
    0,
    65,
    720,
    0,
    2,
    722
  ],
  [
    277,
    292,
    52,
    244,
    12,
    78,
    698,
    0,
    6,
    704
  ],
  [
    278,
    180,
    15,
    124,
    2,
    45,
    370,
    0,
    2,
    372
  ],
  [
    "278(A)",
    173,
    8,
    172,
    1,
    25,
    387,
    0,
    0,
    387
  ],
  [
    279,
    197,
    17,
    179,
    0,
    67,
    467,
    0,
    4,
    471
  ],
  [
    "279(A)",
    233,
    5,
    227,
    3,
    29,
    514,
    0,
    2,
    516
  ],
  [
    280,
    186,
    32,
    128,
    2,
    70,
    420,
    0,
    4,
    424
  ],
  [
    "280(A)",
    234,
    19,
    159,
    1,
    28,
    448,
    0,
    3,
    451
  ],
  [
    281,
    246,
    14,
    124,
    1,
    51,
    450,
    0,
    3,
    453
  ],
  [
    282,
    318,
    6,
    190,
    3,
    76,
    600,
    0,
    4,
    604
  ],
  [
    283,
    259,
    4,
    86,
    2,
    56,
    410,
    0,
    2,
    412
  ],
  [
    284,
    216,
    17,
    155,
    2,
    46,
    442,
    0,
    4,
    446
  ],
  [
    "284(A)",
    209,
    4,
    199,
    0,
    24,
    458,
    0,
    2,
    460
  ],
  [
    285,
    192,
    32,
    198,
    4,
    68,
    508,
    0,
    1,
    509
  ],
  [
    286,
    245,
    12,
    198,
    2,
    48,
    515,
    0,
    0,
    515
  ],
  [
    287,
    266,
    5,
    246,
    2,
    90,
    621,
    0,
    2,
    623
  ],
  [
    288,
    284,
    24,
    189,
    2,
    67,
    585,
    0,
    0,
    585
  ],
  [
    289,
    258,
    35,
    230,
    1,
    64,
    606,
    0,
    2,
    608
  ],
  [
    290,
    200,
    31,
    235,
    1,
    33,
    515,
    0,
    2,
    517
  ],
  [
    291,
    166,
    39,
    178,
    1,
    49,
    457,
    0,
    2,
    459
  ],
  [
    "291(A)",
    167,
    21,
    255,
    0,
    19,
    499,
    0,
    1,
    500
  ],
  [
    292,
    227,
    30,
    313,
    4,
    44,
    630,
    0,
    1,
    631
  ],
  [
    293,
    189,
    17,
    182,
    2,
    22,
    416,
    0,
    4,
    420
  ],
  [
    "293(A)",
    194,
    9,
    197,
    3,
    17,
    421,
    0,
    4,
    425
  ],
  [
    294,
    280,
    40,
    344,
    3,
    59,
    757,
    0,
    3,
    760
  ],
  [
    295,
    394,
    11,
    25,
    0,
    12,
    444,
    0,
    0,
    444
  ],
  [
    "295(A)",
    467,
    6,
    23,
    0,
    5,
    510,
    0,
    2,
    512
  ],
  [
    296,
    336,
    11,
    34,
    0,
    10,
    392,
    0,
    1,
    393
  ],
  [
    297,
    256,
    16,
    278,
    2,
    69,
    646,
    0,
    4,
    650
  ],
  [
    298,
    365,
    29,
    216,
    0,
    27,
    646,
    0,
    0,
    646
  ],
  [
    299,
    311,
    6,
    33,
    1,
    11,
    362,
    0,
    0,
    362
  ],
  [
    "299(A)",
    337,
    6,
    22,
    2,
    5,
    377,
    0,
    0,
    377
  ],
  [
    300,
    209,
    17,
    140,
    0,
    35,
    406,
    0,
    4,
    410
  ],
  [
    "300(A)",
    217,
    6,
    150,
    1,
    13,
    396,
    0,
    2,
    398
  ],
  [
    301,
    240,
    18,
    167,
    3,
    40,
    481,
    0,
    3,
    484
  ],
  [
    302,
    235,
    26,
    290,
    8,
    42,
    613,
    0,
    5,
    618
  ],
  [
    303,
    120,
    32,
    193,
    1,
    46,
    406,
    0,
    0,
    406
  ],
  [
    304,
    245,
    23,
    145,
    0,
    39,
    458,
    0,
    2,
    460
  ],
  [
    "304(A)",
    309,
    8,
    158,
    1,
    18,
    506,
    0,
    1,
    507
  ],
  [
    305,
    187,
    14,
    189,
    5,
    21,
    445,
    0,
    2,
    447
  ],
  [
    306,
    206,
    55,
    285,
    4,
    37,
    606,
    0,
    3,
    609
  ],
  [
    307,
    236,
    34,
    257,
    1,
    57,
    603,
    0,
    2,
    605
  ],
  [
    308,
    156,
    13,
    116,
    2,
    49,
    350,
    0,
    3,
    353
  ],
  [
    309,
    173,
    46,
    324,
    4,
    49,
    610,
    0,
    3,
    613
  ],
  [
    310,
    169,
    16,
    275,
    1,
    13,
    497,
    0,
    3,
    500
  ],
  [
    311,
    253,
    18,
    269,
    4,
    81,
    632,
    0,
    2,
    634
  ],
  [
    312,
    237,
    24,
    385,
    5,
    59,
    754,
    0,
    3,
    757
  ],
  [
    313,
    139,
    23,
    216,
    2,
    39,
    420,
    0,
    1,
    421
  ],
  [
    "313(A)",
    148,
    6,
    291,
    0,
    17,
    481,
    0,
    0,
    481
  ],
  [
    314,
    325,
    25,
    283,
    2,
    63,
    718,
    0,
    4,
    722
  ],
  [
    315,
    244,
    10,
    254,
    1,
    51,
    569,
    0,
    3,
    572
  ],
  [
    316,
    213,
    17,
    254,
    3,
    38,
    544,
    0,
    3,
    547
  ],
  [
    317,
    166,
    13,
    247,
    4,
    59,
    509,
    0,
    1,
    510
  ],
  [
    318,
    246,
    19,
    146,
    1,
    76,
    499,
    0,
    7,
    506
  ],
  [
    319,
    240,
    25,
    157,
    1,
    46,
    479,
    0,
    1,
    480
  ],
  [
    320,
    306,
    53,
    343,
    3,
    28,
    756,
    0,
    4,
    760
  ],
  [
    321,
    210,
    112,
    228,
    2,
    26,
    618,
    0,
    2,
    620
  ],
  [
    322,
    180,
    34,
    131,
    0,
    44,
    397,
    0,
    1,
    398
  ],
  [
    "322(A)",
    209,
    29,
    154,
    3,
    23,
    433,
    0,
    0,
    433
  ],
  [
    323,
    324,
    45,
    363,
    1,
    36,
    792,
    0,
    8,
    800
  ],
  [
    324,
    191,
    20,
    230,
    2,
    39,
    492,
    0,
    2,
    494
  ],
  [
    "324(A)",
    196,
    16,
    250,
    1,
    8,
    494,
    0,
    3,
    497
  ],
  [
    "",
    0,
    0,
    0,
    0,
    "=",
    0,
    0,
    0,
    0
  ]
]